<?xml version="1.0" encoding="UTF-8"?>
<testsuite name="modelo.VendaSpec" tests="26" skipped="0" failures="0" errors="0" timestamp="2019-10-10T22:31:25" hostname="gustavo-C14CR21" time="0.717">
  <properties/>
  <testcase name="o preco total da venda deve ser: 0.50 e o desconto total: 0" classname="modelo.VendaSpec" time="0.345"/>
  <testcase name="o preco total da venda deve ser: 1.00 e o desconto total: 0" classname="modelo.VendaSpec" time="0.009"/>
  <testcase name="o preco total da venda deve ser: 1.30 e o desconto total: 0.20" classname="modelo.VendaSpec" time="0.008"/>
  <testcase name="o preco total da venda deve ser: 1.80 e o desconto total: 0.20" classname="modelo.VendaSpec" time="0.013"/>
  <testcase name="o preco total da venda deve ser: 2.30 e o desconto total: 0.20" classname="modelo.VendaSpec" time="0.012"/>
  <testcase name="o preco total da venda deve ser: 2.60 e o desconto total: 0.40" classname="modelo.VendaSpec" time="0.014"/>
  <testcase name="o preco total da venda deve ser: 2.30 e o desconto total: 0.20" classname="modelo.VendaSpec" time="0.034"/>
  <testcase name="o preco total da venda deve ser: 0 e o desconto total: 0" classname="modelo.VendaSpec" time="0.012"/>
  <testcase name="o preco total da venda deve ser: 0.15 e o desconto total: 0" classname="modelo.VendaSpec" time="0.008"/>
  <testcase name="o preco total da venda deve ser: 0.65 e o desconto total: 0" classname="modelo.VendaSpec" time="0.005"/>
  <testcase name="o preco total da venda deve ser: 0.95 e o desconto total: 0" classname="modelo.VendaSpec" time="0.004"/>
  <testcase name="o preco total da venda deve ser: 1.45 e o desconto total: 0" classname="modelo.VendaSpec" time="0.015"/>
  <testcase name="o preco total da venda deve ser: 1.60 e o desconto total: 0.15" classname="modelo.VendaSpec" time="0.018"/>
  <testcase name="o preco total da venda deve ser: 1.90 e o desconto total: 0.35" classname="modelo.VendaSpec" time="0.015"/>
  <testcase name="o preco total da venda deve ser: 1.60 e o desconto total: 0.15" classname="modelo.VendaSpec" time="0.008"/>
  <testcase name="o preco total da venda deve ser: 1.45 e o desconto total: 0" classname="modelo.VendaSpec" time="0.011"/>
  <testcase name="o preco total da venda deve ser: 0 e o desconto total: 0" classname="modelo.VendaSpec" time="0.003"/>
  <testcase name="o preco total da venda deve ser: 0.20 e o desconto total: 0" classname="modelo.VendaSpec" time="0.007"/>
  <testcase name="o preco total da venda deve ser: 0.40 e o desconto total: 0" classname="modelo.VendaSpec" time="0.001"/>
  <testcase name="o preco total da venda deve ser: 0.40 e o desconto total: 0.20" classname="modelo.VendaSpec" time="0.006"/>
  <testcase name="o preco total da venda deve ser: 0.60 e o desconto total: 0.20" classname="modelo.VendaSpec" time="0.013"/>
  <testcase name="o preco total da venda deve ser: 0 e o desconto total: 0" classname="modelo.VendaSpec" time="0.01"/>
  <testcase name="o preco total da venda deve ser: 0.20 e o desconto total: 0" classname="modelo.VendaSpec" time="0.003"/>
  <testcase name="o preco total da venda deve ser: 0.50 e o desconto total: 0" classname="modelo.VendaSpec" time="0.005"/>
  <testcase name="o preco total da venda deve ser: 0.65 e o desconto total: 0.15" classname="modelo.VendaSpec" time="0.013"/>
  <testcase name="o preco total da venda deve ser: 0.50 e o desconto total: 0" classname="modelo.VendaSpec" time="0.015"/>
  <system-out><![CDATA[]]></system-out>
  <system-err><![CDATA[]]></system-err>
</testsuite>
